C:\Program Files (x86)\Microsoft Visual Studio\2019\Community\MSBuild\Microsoft\VC\v160\Microsoft.CppBuild.targets(491,5): warning MSB8028: The intermediate directory (obj\Win32\Debug\) contains files shared from another project (Spring_System.vcxproj).  This can lead to incorrect clean and rebuild behavior.
  main.cpp
  ofApp.cpp
  ofxBaseGui.cpp
  ofxButton.cpp
  ofxColorPicker.cpp
  ofxGuiGroup.cpp
  ofxInputField.cpp
  ofxLabel.cpp
  ofxPanel.cpp
I:\prog\of_v0.11.0_vs2017_release\addons\ofxGui\src\ofxInputField.cpp(276,23): warning C4018: '<': signed/unsigned mismatch
I:\prog\of_v0.11.0_vs2017_release\addons\ofxGui\src\ofxInputField.cpp(265): message : while compiling class template member function 'void ofxInputField<float>::moveCursor(int)'
I:\prog\of_v0.11.0_vs2017_release\addons\ofxGui\src\ofxInputField.cpp(368): message : see reference to function template instantiation 'void ofxInputField<float>::moveCursor(int)' being compiled
I:\prog\of_v0.11.0_vs2017_release\addons\ofxGui\src\ofxInputField.cpp(805): message : see reference to class template instantiation 'ofxInputField<float>' being compiled
  ofxSlider.cpp
  ofxSliderGroup.cpp
  ofxToggle.cpp
  Spring_Data.cpp
  Spring_Generators.cpp
  Spring_Renderer.cpp
  Spring_System.cpp
  Spring_Updaters.cpp
     Creating library bin\Cloth_System_debug.lib and object bin\Cloth_System_debug.exp
  Spring_System.vcxproj -> I:\prog\of_v0.11.0_vs2017_release\apps\myApps\Cloth_system\bin\Cloth_System_debug.exe
  
  	                   2	I:\prog\of_v0.11.0_vs2017_release\libs\fmodex\lib\vs\Win32\
  	  *EXTRA File 		 6018560	I:\prog\of_v0.11.0_vs2017_release\apps\myApps\Cloth_system\bin\FreeImage.dll
  
  	                   1	I:\prog\of_v0.11.0_vs2017_release\libs\FreeImage\lib\vs\Win32\
  	  *EXTRA File 		 1266176	I:\prog\of_v0.11.0_vs2017_release\apps\myApps\Cloth_system\bin\fmodex.dll
  	  *EXTRA File 		 1312768	I:\prog\of_v0.11.0_vs2017_release\apps\myApps\Cloth_system\bin\fmodexL.dll
